[debug] [2024-10-19T13:59:53.631Z] ----------------------------------------------------------------------
[debug] [2024-10-19T13:59:53.634Z] Command:       C:\Program Files\nodejs\node.exe C:\Users\Dell\AppData\Roaming\npm\node_modules\firebase-tools\lib\bin\firebase.js init
[debug] [2024-10-19T13:59:53.634Z] CLI Version:   13.22.1
[debug] [2024-10-19T13:59:53.635Z] Platform:      win32
[debug] [2024-10-19T13:59:53.635Z] Node Version:  v20.16.0
[debug] [2024-10-19T13:59:53.635Z] Time:          Sat Oct 19 2024 19:29:53 GMT+0530 (India Standard Time)
[debug] [2024-10-19T13:59:53.635Z] ----------------------------------------------------------------------
[debug] 
[debug] [2024-10-19T13:59:53.639Z] >>> [apiv2][query] GET https://firebase-public.firebaseio.com/cli.json [none]
[debug] [2024-10-19T13:59:53.700Z] > command requires scopes: ["email","openid","https://www.googleapis.com/auth/cloudplatformprojects.readonly","https://www.googleapis.com/auth/firebase","https://www.googleapis.com/auth/cloud-platform"]
[debug] [2024-10-19T13:59:53.701Z] > authorizing via signed-in user (sn3222279@gmail.com)
[info] 
     ######## #### ########  ######## ########     ###     ######  ########
     ##        ##  ##     ## ##       ##     ##  ##   ##  ##       ##
     ######    ##  ########  ######   ########  #########  ######  ######
     ##        ##  ##    ##  ##       ##     ## ##     ##       ## ##
     ##       #### ##     ## ######## ########  ##     ##  ######  ########

You're about to initialize a Firebase project in this directory:

  C:\Users\Dell\Desktop\My Portfolio Web

[debug] [2024-10-19T13:59:54.387Z] <<< [apiv2][status] GET https://firebase-public.firebaseio.com/cli.json 200
[debug] [2024-10-19T13:59:54.388Z] <<< [apiv2][body] GET https://firebase-public.firebaseio.com/cli.json {"cloudBuildErrorAfter":1594252800000,"cloudBuildWarnAfter":1590019200000,"defaultNode10After":1594252800000,"minVersion":"3.0.5","node8DeploysDisabledAfter":1613390400000,"node8RuntimeDisabledAfter":1615809600000,"node8WarnAfter":1600128000000}
[info] 
=== Project Setup
[info] 
[info] First, let's associate this project directory with a Firebase project.
[info] You can create multiple project aliases by running firebase use --add, 
[info] but for now we'll just set up a default project.
[info] 
[debug] [2024-10-19T14:00:29.027Z] Checked if tokens are valid: false, expires at: 1729018201992
[debug] [2024-10-19T14:00:29.027Z] Checked if tokens are valid: false, expires at: 1729018201992
[debug] [2024-10-19T14:00:29.028Z] > refreshing access token with scopes: []
[debug] [2024-10-19T14:00:29.029Z] >>> [apiv2][query] POST https://www.googleapis.com/oauth2/v3/token [none]
[debug] [2024-10-19T14:00:29.029Z] >>> [apiv2][body] POST https://www.googleapis.com/oauth2/v3/token [omitted]
[debug] [2024-10-19T14:00:29.410Z] <<< [apiv2][status] POST https://www.googleapis.com/oauth2/v3/token 200
[debug] [2024-10-19T14:00:29.411Z] <<< [apiv2][body] POST https://www.googleapis.com/oauth2/v3/token [omitted]
[debug] [2024-10-19T14:00:29.435Z] >>> [apiv2][query] GET https://firebase.googleapis.com/v1beta1/projects pageSize=100
[debug] [2024-10-19T14:00:30.429Z] <<< [apiv2][status] GET https://firebase.googleapis.com/v1beta1/projects 200
[debug] [2024-10-19T14:00:30.429Z] <<< [apiv2][body] GET https://firebase.googleapis.com/v1beta1/projects [omitted]
[info] i  Using project my-portfolio-web-5b454 (My Portfolio Web) 
[info] 
=== Hosting Setup
[debug] [2024-10-19T14:02:14.527Z] Checked if tokens are valid: true, expires at: 1729350028411
[debug] [2024-10-19T14:02:14.528Z] Checked if tokens are valid: true, expires at: 1729350028411
[debug] [2024-10-19T14:02:14.528Z] >>> [apiv2][query] GET https://firebase.googleapis.com/v1beta1/projects/my-portfolio-web-5b454 [none]
[debug] [2024-10-19T14:02:15.086Z] <<< [apiv2][status] GET https://firebase.googleapis.com/v1beta1/projects/my-portfolio-web-5b454 200
[debug] [2024-10-19T14:02:15.086Z] <<< [apiv2][body] GET https://firebase.googleapis.com/v1beta1/projects/my-portfolio-web-5b454 {"projectId":"my-portfolio-web-5b454","projectNumber":"667462808112","displayName":"My Portfolio Web","name":"projects/my-portfolio-web-5b454","resources":{"hostingSite":"my-portfolio-web-5b454"},"state":"ACTIVE","etag":"1_20a31901-b986-4929-bef0-fe8e69ba9a02"}
[info] 
[info] Your public directory is the folder (relative to your project directory) that
[info] will contain Hosting assets to be uploaded with firebase deploy. If you
[info] have a build process for your assets, use your build's output directory.
[info] 
